zbar/build/outputs/logs/manifest-merger-debug-report.txt
-- Merging decision tree log ---
manifest
<<<<<<< HEAD
ADDED from src\main\AndroidManifest.xml:3:1-5:12
INJECTED from src\main\AndroidManifest.xml:3:1-5:12
INJECTED from src\main\AndroidManifest.xml:3:1-5:12
=======
ADDED from src\main\AndroidManifest.xml:3:1-5:12
INJECTED from src\main\AndroidManifest.xml:3:1-5:12
INJECTED from src\main\AndroidManifest.xml:3:1-5:12
>>>>>>> 036bf0134be73c788045a8081fe7675721a0eeaa
	package
		ADDED from src\main\AndroidManifest.xml:3:70-106
		INJECTED from src\main\AndroidManifest.xml
		INJECTED from src\main\AndroidManifest.xml
	xmlns:android
		ADDED from src\main\AndroidManifest.xml:3:11-69
application
<<<<<<< HEAD
ADDED from src\main\AndroidManifest.xml:4:5-32
=======
ADDED from src\main\AndroidManifest.xml:4:5-32
>>>>>>> 036bf0134be73c788045a8081fe7675721a0eeaa